Determining if the pthread_create exist failed with the following output:
Change Dir: /home/ryan/code/c++/Matchmaking-Server/build/CMakeFiles/CMakeTmp

Run Build Command:"/usr/bin/make" "cmTC_74f8c/fast"
make[1]: Entering directory '/home/ryan/code/c++/Matchmaking-Server/build/CMakeFiles/CMakeTmp'
/usr/bin/make -f CMakeFiles/cmTC_74f8c.dir/build.make CMakeFiles/cmTC_74f8c.dir/build
make[2]: Entering directory '/home/ryan/code/c++/Matchmaking-Server/build/CMakeFiles/CMakeTmp'
Building C object CMakeFiles/cmTC_74f8c.dir/CheckSymbolExists.c.o
/usr/bin/cc    -o CMakeFiles/cmTC_74f8c.dir/CheckSymbolExists.c.o   -c /home/ryan/code/c++/Matchmaking-Server/build/CMakeFiles/CMakeTmp/CheckSymbolExists.c
Linking C executable cmTC_74f8c
/usr/bin/cmake -E cmake_link_script CMakeFiles/cmTC_74f8c.dir/link.txt --verbose=1
/usr/bin/cc      CMakeFiles/cmTC_74f8c.dir/CheckSymbolExists.c.o  -o cmTC_74f8c 
/usr/bin/ld: CMakeFiles/cmTC_74f8c.dir/CheckSymbolExists.c.o: in function `main':
CheckSymbolExists.c:(.text+0x1b): undefined reference to `pthread_create'
collect2: error: ld returned 1 exit status
make[2]: *** [CMakeFiles/cmTC_74f8c.dir/build.make:87: cmTC_74f8c] Error 1
make[2]: Leaving directory '/home/ryan/code/c++/Matchmaking-Server/build/CMakeFiles/CMakeTmp'
make[1]: *** [Makefile:121: cmTC_74f8c/fast] Error 2
make[1]: Leaving directory '/home/ryan/code/c++/Matchmaking-Server/build/CMakeFiles/CMakeTmp'

File /home/ryan/code/c++/Matchmaking-Server/build/CMakeFiles/CMakeTmp/CheckSymbolExists.c:
/* */
#include <pthread.h>

int main(int argc, char** argv)
{
  (void)argv;
#ifndef pthread_create
  return ((int*)(&pthread_create))[argc];
#else
  (void)argc;
  return 0;
#endif
}

Determining if the function pthread_create exists in the pthreads failed with the following output:
Change Dir: /home/ryan/code/c++/Matchmaking-Server/build/CMakeFiles/CMakeTmp

Run Build Command:"/usr/bin/make" "cmTC_55a6b/fast"
make[1]: Entering directory '/home/ryan/code/c++/Matchmaking-Server/build/CMakeFiles/CMakeTmp'
/usr/bin/make -f CMakeFiles/cmTC_55a6b.dir/build.make CMakeFiles/cmTC_55a6b.dir/build
make[2]: Entering directory '/home/ryan/code/c++/Matchmaking-Server/build/CMakeFiles/CMakeTmp'
Building C object CMakeFiles/cmTC_55a6b.dir/CheckFunctionExists.c.o
/usr/bin/cc   -DCHECK_FUNCTION_EXISTS=pthread_create   -o CMakeFiles/cmTC_55a6b.dir/CheckFunctionExists.c.o   -c /usr/share/cmake-3.13/Modules/CheckFunctionExists.c
Linking C executable cmTC_55a6b
/usr/bin/cmake -E cmake_link_script CMakeFiles/cmTC_55a6b.dir/link.txt --verbose=1
/usr/bin/cc  -DCHECK_FUNCTION_EXISTS=pthread_create    CMakeFiles/cmTC_55a6b.dir/CheckFunctionExists.c.o  -o cmTC_55a6b -lpthreads 
/usr/bin/ld: cannot find -lpthreads
collect2: error: ld returned 1 exit status
make[2]: *** [CMakeFiles/cmTC_55a6b.dir/build.make:87: cmTC_55a6b] Error 1
make[2]: Leaving directory '/home/ryan/code/c++/Matchmaking-Server/build/CMakeFiles/CMakeTmp'
make[1]: *** [Makefile:121: cmTC_55a6b/fast] Error 2
make[1]: Leaving directory '/home/ryan/code/c++/Matchmaking-Server/build/CMakeFiles/CMakeTmp'


